<?xml version="1.0" encoding="UTF-8"?>
<coverage generated="1701191075387" clover="3.2.0">
  <project timestamp="1701191075387" name="All files">
    <metrics statements="62" coveredstatements="61" conditionals="25" coveredconditionals="24" methods="25" coveredmethods="25" elements="112" coveredelements="110" complexity="0" loc="62" ncloc="62" packages="7" files="9" classes="9"/>
    <package name="legendstate">
      <metrics statements="1" coveredstatements="1" conditionals="0" coveredconditionals="0" methods="0" coveredmethods="0"/>
      <file name="tamagui.config.ts" path="/Users/jmquilario/Projects/ReactNative/legendstate/tamagui.config.ts">
        <metrics statements="1" coveredstatements="1" conditionals="0" coveredconditionals="0" methods="0" coveredmethods="0"/>
        <line num="12" count="1" type="stmt"/>
      </file>
    </package>
    <package name="legendstate.src.assets">
      <metrics statements="1" coveredstatements="1" conditionals="0" coveredconditionals="0" methods="0" coveredmethods="0"/>
      <file name="constants.ts" path="/Users/jmquilario/Projects/ReactNative/legendstate/src/assets/constants.ts">
        <metrics statements="1" coveredstatements="1" conditionals="0" coveredconditionals="0" methods="0" coveredmethods="0"/>
        <line num="1" count="1" type="stmt"/>
      </file>
    </package>
    <package name="legendstate.src.components">
      <metrics statements="15" coveredstatements="15" conditionals="2" coveredconditionals="2" methods="7" coveredmethods="7"/>
      <file name="Card.tsx" path="/Users/jmquilario/Projects/ReactNative/legendstate/src/components/Card.tsx">
        <metrics statements="5" coveredstatements="5" conditionals="0" coveredconditionals="0" methods="3" coveredmethods="3"/>
        <line num="9" count="1" type="stmt"/>
        <line num="11" count="24" type="stmt"/>
        <line num="22" count="2" type="stmt"/>
        <line num="27" count="2" type="stmt"/>
        <line num="35" count="1" type="stmt"/>
      </file>
      <file name="HorizontalLine.tsx" path="/Users/jmquilario/Projects/ReactNative/legendstate/src/components/HorizontalLine.tsx">
        <metrics statements="3" coveredstatements="3" conditionals="0" coveredconditionals="0" methods="1" coveredmethods="1"/>
        <line num="5" count="1" type="stmt"/>
        <line num="6" count="8" type="stmt"/>
        <line num="11" count="1" type="stmt"/>
      </file>
      <file name="ScoreCard.tsx" path="/Users/jmquilario/Projects/ReactNative/legendstate/src/components/ScoreCard.tsx">
        <metrics statements="7" coveredstatements="7" conditionals="2" coveredconditionals="2" methods="3" coveredmethods="3"/>
        <line num="14" count="1" type="stmt"/>
        <line num="15" count="8" type="stmt"/>
        <line num="17" count="8" type="stmt"/>
        <line num="18" count="20" type="stmt"/>
        <line num="24" count="8" type="stmt"/>
        <line num="34" count="16" type="stmt"/>
        <line num="45" count="1" type="stmt"/>
      </file>
    </package>
    <package name="legendstate.src.components.Buttons.Button">
      <metrics statements="8" coveredstatements="8" conditionals="5" coveredconditionals="5" methods="3" coveredmethods="3"/>
      <file name="index.tsx" path="/Users/jmquilario/Projects/ReactNative/legendstate/src/components/Buttons/Button/index.tsx">
        <metrics statements="8" coveredstatements="8" conditionals="5" coveredconditionals="5" methods="3" coveredmethods="3"/>
        <line num="15" count="1" type="stmt"/>
        <line num="20" count="80" type="stmt"/>
        <line num="21" count="80" type="cond" truecount="2" falsecount="0"/>
        <line num="22" count="40" type="stmt"/>
        <line num="25" count="80" type="stmt"/>
        <line num="26" count="80" type="cond" truecount="2" falsecount="0"/>
        <line num="29" count="80" type="stmt"/>
        <line num="41" count="1" type="stmt"/>
      </file>
    </package>
    <package name="legendstate.src.contexts">
      <metrics statements="12" coveredstatements="11" conditionals="6" coveredconditionals="5" methods="4" coveredmethods="4"/>
      <file name="PlayerVoteContext.tsx" path="/Users/jmquilario/Projects/ReactNative/legendstate/src/contexts/PlayerVoteContext.tsx">
        <metrics statements="12" coveredstatements="11" conditionals="6" coveredconditionals="5" methods="4" coveredmethods="4"/>
        <line num="22" count="1" type="stmt"/>
        <line num="30" count="2" type="cond" truecount="2" falsecount="0"/>
        <line num="35" count="2" type="cond" truecount="2" falsecount="0"/>
        <line num="41" count="1" type="stmt"/>
        <line num="45" count="1" type="stmt"/>
        <line num="48" count="2" type="stmt"/>
        <line num="50" count="2" type="stmt"/>
        <line num="58" count="1" type="stmt"/>
        <line num="59" count="26" type="stmt"/>
        <line num="61" count="26" type="cond" truecount="1" falsecount="1"/>
        <line num="62" count="0" type="stmt"/>
        <line num="66" count="26" type="stmt"/>
      </file>
    </package>
    <package name="legendstate.src.controller.AddVote">
      <metrics statements="8" coveredstatements="8" conditionals="6" coveredconditionals="6" methods="4" coveredmethods="4"/>
      <file name="index.tsx" path="/Users/jmquilario/Projects/ReactNative/legendstate/src/controller/AddVote/index.tsx">
        <metrics statements="8" coveredstatements="8" conditionals="6" coveredconditionals="6" methods="4" coveredmethods="4"/>
        <line num="12" count="1" type="stmt"/>
        <line num="13" count="16" type="stmt"/>
        <line num="15" count="16" type="stmt"/>
        <line num="16" count="20" type="cond" truecount="2" falsecount="0"/>
        <line num="18" count="16" type="stmt"/>
        <line num="20" count="2" type="cond" truecount="2" falsecount="0"/>
        <line num="26" count="2" type="cond" truecount="2" falsecount="0"/>
        <line num="36" count="1" type="stmt"/>
      </file>
    </package>
    <package name="legendstate.src.screens.Home">
      <metrics statements="17" coveredstatements="17" conditionals="6" coveredconditionals="6" methods="7" coveredmethods="7"/>
      <file name="index.tsx" path="/Users/jmquilario/Projects/ReactNative/legendstate/src/screens/Home/index.tsx">
        <metrics statements="17" coveredstatements="17" conditionals="6" coveredconditionals="6" methods="7" coveredmethods="7"/>
        <line num="18" count="1" type="stmt"/>
        <line num="19" count="12" type="stmt"/>
        <line num="28" count="12" type="stmt"/>
        <line num="30" count="12" type="stmt"/>
        <line num="31" count="2" type="cond" truecount="2" falsecount="0"/>
        <line num="32" count="1" type="stmt"/>
        <line num="34" count="1" type="stmt"/>
        <line num="38" count="12" type="stmt"/>
        <line num="39" count="2" type="cond" truecount="2" falsecount="0"/>
        <line num="40" count="1" type="stmt"/>
        <line num="42" count="1" type="stmt"/>
        <line num="46" count="12" type="stmt"/>
        <line num="53" count="12" type="stmt"/>
        <line num="64" count="24" type="stmt"/>
        <line num="70" count="2" type="stmt"/>
        <line num="71" count="2" type="stmt"/>
        <line num="81" count="1" type="stmt"/>
      </file>
    </package>
  </project>
</coverage>
