<?xml version="1.0" encoding="UTF-8"?>
<coverage generated="1700937430866" clover="3.2.0">
  <project timestamp="1700937430866" name="All files">
    <metrics statements="65" coveredstatements="64" conditionals="25" coveredconditionals="24" methods="26" coveredmethods="26" elements="116" coveredelements="114" complexity="0" loc="65" ncloc="65" packages="9" files="14" classes="14"/>
    <package name="legendstate">
      <metrics statements="1" coveredstatements="1" conditionals="0" coveredconditionals="0" methods="0" coveredmethods="0"/>
      <file name="tamagui.config.ts" path="/Users/jmquilario/Projects/ReactNative/legendstate/tamagui.config.ts">
        <metrics statements="1" coveredstatements="1" conditionals="0" coveredconditionals="0" methods="0" coveredmethods="0"/>
        <line num="12" count="2" type="stmt"/>
      </file>
    </package>
    <package name="legendstate.src">
      <metrics statements="3" coveredstatements="3" conditionals="0" coveredconditionals="0" methods="1" coveredmethods="1"/>
      <file name="App.tsx" path="/Users/jmquilario/Projects/ReactNative/legendstate/src/App.tsx">
        <metrics statements="3" coveredstatements="3" conditionals="0" coveredconditionals="0" methods="1" coveredmethods="1"/>
        <line num="7" count="1" type="stmt"/>
        <line num="8" count="1" type="stmt"/>
        <line num="19" count="1" type="stmt"/>
      </file>
    </package>
    <package name="legendstate.src.assets">
      <metrics statements="1" coveredstatements="1" conditionals="0" coveredconditionals="0" methods="0" coveredmethods="0"/>
      <file name="constants.ts" path="/Users/jmquilario/Projects/ReactNative/legendstate/src/assets/constants.ts">
        <metrics statements="1" coveredstatements="1" conditionals="0" coveredconditionals="0" methods="0" coveredmethods="0"/>
        <line num="1" count="2" type="stmt"/>
      </file>
    </package>
    <package name="legendstate.src.components">
      <metrics statements="15" coveredstatements="15" conditionals="2" coveredconditionals="2" methods="7" coveredmethods="7"/>
      <file name="Card.tsx" path="/Users/jmquilario/Projects/ReactNative/legendstate/src/components/Card.tsx">
        <metrics statements="5" coveredstatements="5" conditionals="0" coveredconditionals="0" methods="3" coveredmethods="3"/>
        <line num="9" count="2" type="stmt"/>
        <line num="11" count="26" type="stmt"/>
        <line num="22" count="2" type="stmt"/>
        <line num="27" count="2" type="stmt"/>
        <line num="35" count="2" type="stmt"/>
      </file>
      <file name="HorizontalLine.tsx" path="/Users/jmquilario/Projects/ReactNative/legendstate/src/components/HorizontalLine.tsx">
        <metrics statements="3" coveredstatements="3" conditionals="0" coveredconditionals="0" methods="1" coveredmethods="1"/>
        <line num="5" count="2" type="stmt"/>
        <line num="6" count="9" type="stmt"/>
        <line num="11" count="2" type="stmt"/>
      </file>
      <file name="ScoreCard.tsx" path="/Users/jmquilario/Projects/ReactNative/legendstate/src/components/ScoreCard.tsx">
        <metrics statements="7" coveredstatements="7" conditionals="2" coveredconditionals="2" methods="3" coveredmethods="3"/>
        <line num="14" count="2" type="stmt"/>
        <line num="15" count="9" type="stmt"/>
        <line num="17" count="9" type="stmt"/>
        <line num="18" count="22" type="stmt"/>
        <line num="24" count="9" type="stmt"/>
        <line num="34" count="18" type="stmt"/>
        <line num="45" count="2" type="stmt"/>
      </file>
    </package>
    <package name="legendstate.src.components.Buttons.Button">
      <metrics statements="8" coveredstatements="8" conditionals="5" coveredconditionals="5" methods="3" coveredmethods="3"/>
      <file name="index.tsx" path="/Users/jmquilario/Projects/ReactNative/legendstate/src/components/Buttons/Button/index.tsx">
        <metrics statements="8" coveredstatements="8" conditionals="5" coveredconditionals="5" methods="3" coveredmethods="3"/>
        <line num="15" count="2" type="stmt"/>
        <line num="20" count="88" type="stmt"/>
        <line num="21" count="88" type="cond" truecount="2" falsecount="0"/>
        <line num="22" count="44" type="stmt"/>
        <line num="25" count="88" type="stmt"/>
        <line num="26" count="88" type="cond" truecount="2" falsecount="0"/>
        <line num="29" count="88" type="stmt"/>
        <line num="41" count="2" type="stmt"/>
      </file>
    </package>
    <package name="legendstate.src.contexts">
      <metrics statements="12" coveredstatements="11" conditionals="6" coveredconditionals="5" methods="4" coveredmethods="4"/>
      <file name="PlayerVoteContext.tsx" path="/Users/jmquilario/Projects/ReactNative/legendstate/src/contexts/PlayerVoteContext.tsx">
        <metrics statements="12" coveredstatements="11" conditionals="6" coveredconditionals="5" methods="4" coveredmethods="4"/>
        <line num="22" count="2" type="stmt"/>
        <line num="30" count="2" type="cond" truecount="2" falsecount="0"/>
        <line num="35" count="2" type="cond" truecount="2" falsecount="0"/>
        <line num="41" count="2" type="stmt"/>
        <line num="45" count="2" type="stmt"/>
        <line num="48" count="2" type="stmt"/>
        <line num="50" count="2" type="stmt"/>
        <line num="58" count="2" type="stmt"/>
        <line num="59" count="29" type="stmt"/>
        <line num="61" count="29" type="cond" truecount="1" falsecount="1"/>
        <line num="62" count="0" type="stmt"/>
        <line num="66" count="29" type="stmt"/>
      </file>
    </package>
    <package name="legendstate.src.controller.AddVote">
      <metrics statements="8" coveredstatements="8" conditionals="6" coveredconditionals="6" methods="4" coveredmethods="4"/>
      <file name="index.tsx" path="/Users/jmquilario/Projects/ReactNative/legendstate/src/controller/AddVote/index.tsx">
        <metrics statements="8" coveredstatements="8" conditionals="6" coveredconditionals="6" methods="4" coveredmethods="4"/>
        <line num="12" count="2" type="stmt"/>
        <line num="13" count="18" type="stmt"/>
        <line num="15" count="18" type="stmt"/>
        <line num="16" count="22" type="cond" truecount="2" falsecount="0"/>
        <line num="18" count="18" type="stmt"/>
        <line num="20" count="2" type="cond" truecount="2" falsecount="0"/>
        <line num="26" count="2" type="cond" truecount="2" falsecount="0"/>
        <line num="36" count="2" type="stmt"/>
      </file>
    </package>
    <package name="legendstate.src.screens.Home">
      <metrics statements="17" coveredstatements="17" conditionals="6" coveredconditionals="6" methods="7" coveredmethods="7"/>
      <file name="index.tsx" path="/Users/jmquilario/Projects/ReactNative/legendstate/src/screens/Home/index.tsx">
        <metrics statements="17" coveredstatements="17" conditionals="6" coveredconditionals="6" methods="7" coveredmethods="7"/>
        <line num="18" count="2" type="stmt"/>
        <line num="19" count="13" type="stmt"/>
        <line num="28" count="13" type="stmt"/>
        <line num="33" count="13" type="stmt"/>
        <line num="34" count="2" type="cond" truecount="2" falsecount="0"/>
        <line num="35" count="1" type="stmt"/>
        <line num="37" count="1" type="stmt"/>
        <line num="41" count="13" type="stmt"/>
        <line num="42" count="2" type="cond" truecount="2" falsecount="0"/>
        <line num="43" count="1" type="stmt"/>
        <line num="45" count="1" type="stmt"/>
        <line num="49" count="13" type="stmt"/>
        <line num="56" count="13" type="stmt"/>
        <line num="67" count="26" type="stmt"/>
        <line num="73" count="2" type="stmt"/>
        <line num="74" count="2" type="stmt"/>
        <line num="84" count="2" type="stmt"/>
      </file>
    </package>
    <package name="legendstate.src.types">
      <metrics statements="0" coveredstatements="0" conditionals="0" coveredconditionals="0" methods="0" coveredmethods="0"/>
      <file name="button.enum.ts" path="/Users/jmquilario/Projects/ReactNative/legendstate/src/types/button.enum.ts">
        <metrics statements="0" coveredstatements="0" conditionals="0" coveredconditionals="0" methods="0" coveredmethods="0"/>
      </file>
      <file name="club.enum.ts" path="/Users/jmquilario/Projects/ReactNative/legendstate/src/types/club.enum.ts">
        <metrics statements="0" coveredstatements="0" conditionals="0" coveredconditionals="0" methods="0" coveredmethods="0"/>
      </file>
      <file name="country.enum.ts" path="/Users/jmquilario/Projects/ReactNative/legendstate/src/types/country.enum.ts">
        <metrics statements="0" coveredstatements="0" conditionals="0" coveredconditionals="0" methods="0" coveredmethods="0"/>
      </file>
      <file name="index.ts" path="/Users/jmquilario/Projects/ReactNative/legendstate/src/types/index.ts">
        <metrics statements="0" coveredstatements="0" conditionals="0" coveredconditionals="0" methods="0" coveredmethods="0"/>
      </file>
    </package>
  </project>
</coverage>
