{"/Users/jmquilario/Projects/ReactNative/legendstate/tamagui.config.ts": {"path":"/Users/jmquilario/Projects/ReactNative/legendstate/tamagui.config.ts","statementMap":{"0":{"start":{"line":12,"column":18},"end":{"line":12,"column":39}}},"fnMap":{},"branchMap":{},"s":{"0":2},"f":{},"b":{},"_coverageSchema":"1a1c01bbd47fc00a2c39e90264f33305004495a9","hash":"6426c9cd7b3f5f039f58de68e0e55e9d39d4350a"}
,"/Users/jmquilario/Projects/ReactNative/legendstate/src/App.tsx": {"path":"/Users/jmquilario/Projects/ReactNative/legendstate/src/App.tsx","statementMap":{"0":{"start":{"line":7,"column":12},"end":{"line":15,"column":1}},"1":{"start":{"line":8,"column":2},"end":{"line":14,"column":4}},"2":{"start":{"line":19,"column":15},"end":{"line":19,"column":36}}},"fnMap":{"0":{"name":"(anonymous_0)","decl":{"start":{"line":7,"column":12},"end":{"line":7,"column":13}},"loc":{"start":{"line":7,"column":18},"end":{"line":15,"column":1}},"line":7}},"branchMap":{},"s":{"0":1,"1":1,"2":1},"f":{"0":1},"b":{},"_coverageSchema":"1a1c01bbd47fc00a2c39e90264f33305004495a9","hash":"88fdd0adf244fa0558ca2fe5ee74e59c4c642f09"}
,"/Users/jmquilario/Projects/ReactNative/legendstate/src/assets/constants.ts": {"path":"/Users/jmquilario/Projects/ReactNative/legendstate/src/assets/constants.ts","statementMap":{"0":{"start":{"line":1,"column":22},"end":{"line":7,"column":1}}},"fnMap":{},"branchMap":{},"s":{"0":2},"f":{},"b":{},"_coverageSchema":"1a1c01bbd47fc00a2c39e90264f33305004495a9","hash":"b462a936c3d321235412926154e933d8e163e227"}
,"/Users/jmquilario/Projects/ReactNative/legendstate/src/components/Card.tsx": {"path":"/Users/jmquilario/Projects/ReactNative/legendstate/src/components/Card.tsx","statementMap":{"0":{"start":{"line":9,"column":39},"end":{"line":33,"column":1}},"1":{"start":{"line":11,"column":4},"end":{"line":31,"column":6}},"2":{"start":{"line":22,"column":31},"end":{"line":22,"column":59}},"3":{"start":{"line":27,"column":25},"end":{"line":27,"column":53}},"4":{"start":{"line":35,"column":15},"end":{"line":77,"column":2}}},"fnMap":{"0":{"name":"(anonymous_0)","decl":{"start":{"line":10,"column":2},"end":{"line":10,"column":3}},"loc":{"start":{"line":10,"column":61},"end":{"line":32,"column":3}},"line":10},"1":{"name":"(anonymous_1)","decl":{"start":{"line":22,"column":25},"end":{"line":22,"column":26}},"loc":{"start":{"line":22,"column":31},"end":{"line":22,"column":59}},"line":22},"2":{"name":"(anonymous_2)","decl":{"start":{"line":27,"column":19},"end":{"line":27,"column":20}},"loc":{"start":{"line":27,"column":25},"end":{"line":27,"column":53}},"line":27}},"branchMap":{},"s":{"0":2,"1":26,"2":2,"3":2,"4":2},"f":{"0":26,"1":2,"2":2},"b":{},"_coverageSchema":"1a1c01bbd47fc00a2c39e90264f33305004495a9","hash":"54a05943a0fdb47d7d61cfa75f55cfe1ee0cdca7"}
,"/Users/jmquilario/Projects/ReactNative/legendstate/src/components/HorizontalLine.tsx": {"path":"/Users/jmquilario/Projects/ReactNative/legendstate/src/components/HorizontalLine.tsx","statementMap":{"0":{"start":{"line":5,"column":23},"end":{"line":7,"column":1}},"1":{"start":{"line":6,"column":2},"end":{"line":6,"column":43}},"2":{"start":{"line":11,"column":15},"end":{"line":23,"column":2}}},"fnMap":{"0":{"name":"(anonymous_0)","decl":{"start":{"line":5,"column":23},"end":{"line":5,"column":24}},"loc":{"start":{"line":5,"column":29},"end":{"line":7,"column":1}},"line":5}},"branchMap":{},"s":{"0":2,"1":9,"2":2},"f":{"0":9},"b":{},"_coverageSchema":"1a1c01bbd47fc00a2c39e90264f33305004495a9","hash":"76ce4de5a2d41978d128b9ee0bb6586b883e822a"}
,"/Users/jmquilario/Projects/ReactNative/legendstate/src/components/ScoreCard.tsx": {"path":"/Users/jmquilario/Projects/ReactNative/legendstate/src/components/ScoreCard.tsx","statementMap":{"0":{"start":{"line":14,"column":43},"end":{"line":43,"column":2}},"1":{"start":{"line":15,"column":25},"end":{"line":15,"column":40}},"2":{"start":{"line":17,"column":22},"end":{"line":23,"column":4}},"3":{"start":{"line":18,"column":4},"end":{"line":22,"column":6}},"4":{"start":{"line":24,"column":2},"end":{"line":42,"column":4}},"5":{"start":{"line":34,"column":10},"end":{"line":38,"column":17}},"6":{"start":{"line":45,"column":15},"end":{"line":74,"column":2}}},"fnMap":{"0":{"name":"(anonymous_0)","decl":{"start":{"line":14,"column":52},"end":{"line":14,"column":53}},"loc":{"start":{"line":14,"column":67},"end":{"line":43,"column":1}},"line":14},"1":{"name":"(anonymous_1)","decl":{"start":{"line":17,"column":31},"end":{"line":17,"column":32}},"loc":{"start":{"line":17,"column":53},"end":{"line":23,"column":3}},"line":17},"2":{"name":"(anonymous_2)","decl":{"start":{"line":33,"column":21},"end":{"line":33,"column":22}},"loc":{"start":{"line":34,"column":10},"end":{"line":38,"column":17}},"line":34}},"branchMap":{"0":{"loc":{"start":{"line":20,"column":9},"end":{"line":20,"column":47}},"type":"cond-expr","locations":[{"start":{"line":20,"column":22},"end":{"line":20,"column":33}},{"start":{"line":20,"column":36},"end":{"line":20,"column":47}}],"line":20}},"s":{"0":2,"1":9,"2":9,"3":22,"4":9,"5":18,"6":2},"f":{"0":9,"1":22,"2":18},"b":{"0":[11,11]},"_coverageSchema":"1a1c01bbd47fc00a2c39e90264f33305004495a9","hash":"2b045647c4c32d353f9837c515c1c9cf16e5c01f"}
,"/Users/jmquilario/Projects/ReactNative/legendstate/src/components/Buttons/Button/index.tsx": {"path":"/Users/jmquilario/Projects/ReactNative/legendstate/src/components/Buttons/Button/index.tsx","statementMap":{"0":{"start":{"line":15,"column":38},"end":{"line":37,"column":1}},"1":{"start":{"line":20,"column":31},"end":{"line":23,"column":3}},"2":{"start":{"line":21,"column":4},"end":{"line":21,"column":63}},"3":{"start":{"line":21,"column":42},"end":{"line":21,"column":63}},"4":{"start":{"line":22,"column":4},"end":{"line":22,"column":26}},"5":{"start":{"line":25,"column":21},"end":{"line":27,"column":3}},"6":{"start":{"line":26,"column":4},"end":{"line":26,"column":49}},"7":{"start":{"line":29,"column":2},"end":{"line":36,"column":4}},"8":{"start":{"line":41,"column":15},"end":{"line":55,"column":2}}},"fnMap":{"0":{"name":"(anonymous_0)","decl":{"start":{"line":15,"column":38},"end":{"line":15,"column":39}},"loc":{"start":{"line":19,"column":6},"end":{"line":37,"column":1}},"line":19},"1":{"name":"(anonymous_1)","decl":{"start":{"line":20,"column":31},"end":{"line":20,"column":32}},"loc":{"start":{"line":20,"column":37},"end":{"line":23,"column":3}},"line":20},"2":{"name":"(anonymous_2)","decl":{"start":{"line":25,"column":21},"end":{"line":25,"column":22}},"loc":{"start":{"line":25,"column":27},"end":{"line":27,"column":3}},"line":25}},"branchMap":{"0":{"loc":{"start":{"line":16,"column":2},"end":{"line":16,"column":33}},"type":"default-arg","locations":[{"start":{"line":16,"column":12},"end":{"line":16,"column":33}}],"line":16},"1":{"loc":{"start":{"line":21,"column":4},"end":{"line":21,"column":63}},"type":"if","locations":[{"start":{"line":21,"column":4},"end":{"line":21,"column":63}},{"start":{},"end":{}}],"line":21},"2":{"loc":{"start":{"line":26,"column":11},"end":{"line":26,"column":48}},"type":"cond-expr","locations":[{"start":{"line":26,"column":19},"end":{"line":26,"column":31}},{"start":{"line":26,"column":34},"end":{"line":26,"column":48}}],"line":26}},"s":{"0":2,"1":88,"2":88,"3":44,"4":44,"5":88,"6":88,"7":88,"8":2},"f":{"0":88,"1":88,"2":88},"b":{"0":[44],"1":[44,44],"2":[36,52]},"_coverageSchema":"1a1c01bbd47fc00a2c39e90264f33305004495a9","hash":"a87364c79801c37bf022236561a5514169f0e1e3"}
,"/Users/jmquilario/Projects/ReactNative/legendstate/src/contexts/PlayerVoteContext.tsx": {"path":"/Users/jmquilario/Projects/ReactNative/legendstate/src/contexts/PlayerVoteContext.tsx","statementMap":{"0":{"start":{"line":22,"column":38},"end":{"line":39,"column":2}},"1":{"start":{"line":30,"column":4},"end":{"line":32,"column":61}},"2":{"start":{"line":35,"column":4},"end":{"line":37,"column":61}},"3":{"start":{"line":41,"column":26},"end":{"line":43,"column":1}},"4":{"start":{"line":45,"column":68},"end":{"line":56,"column":1}},"5":{"start":{"line":48,"column":64},"end":{"line":48,"column":79}},"6":{"start":{"line":50,"column":2},"end":{"line":55,"column":4}},"7":{"start":{"line":58,"column":29},"end":{"line":67,"column":1}},"8":{"start":{"line":59,"column":18},"end":{"line":59,"column":48}},"9":{"start":{"line":61,"column":2},"end":{"line":64,"column":6}},"10":{"start":{"line":62,"column":4},"end":{"line":64,"column":6}},"11":{"start":{"line":66,"column":2},"end":{"line":66,"column":17}}},"fnMap":{"0":{"name":"(anonymous_0)","decl":{"start":{"line":29,"column":17},"end":{"line":29,"column":18}},"loc":{"start":{"line":29,"column":35},"end":{"line":33,"column":3}},"line":29},"1":{"name":"(anonymous_1)","decl":{"start":{"line":34,"column":17},"end":{"line":34,"column":18}},"loc":{"start":{"line":34,"column":35},"end":{"line":38,"column":3}},"line":34},"2":{"name":"(anonymous_2)","decl":{"start":{"line":45,"column":68},"end":{"line":45,"column":69}},"loc":{"start":{"line":47,"column":6},"end":{"line":56,"column":1}},"line":47},"3":{"name":"(anonymous_3)","decl":{"start":{"line":58,"column":29},"end":{"line":58,"column":30}},"loc":{"start":{"line":58,"column":35},"end":{"line":67,"column":1}},"line":58}},"branchMap":{"0":{"loc":{"start":{"line":30,"column":4},"end":{"line":32,"column":60}},"type":"cond-expr","locations":[{"start":{"line":31,"column":8},"end":{"line":31,"column":60}},{"start":{"line":32,"column":8},"end":{"line":32,"column":60}}],"line":30},"1":{"loc":{"start":{"line":35,"column":4},"end":{"line":37,"column":60}},"type":"cond-expr","locations":[{"start":{"line":36,"column":8},"end":{"line":36,"column":60}},{"start":{"line":37,"column":8},"end":{"line":37,"column":60}}],"line":35},"2":{"loc":{"start":{"line":61,"column":2},"end":{"line":64,"column":6}},"type":"if","locations":[{"start":{"line":61,"column":2},"end":{"line":64,"column":6}},{"start":{},"end":{}}],"line":61}},"s":{"0":2,"1":2,"2":2,"3":2,"4":2,"5":2,"6":2,"7":2,"8":29,"9":29,"10":0,"11":29},"f":{"0":2,"1":2,"2":2,"3":29},"b":{"0":[1,1],"1":[1,1],"2":[0,29]},"_coverageSchema":"1a1c01bbd47fc00a2c39e90264f33305004495a9","hash":"a1305bf47f182c27dabcb6c5df56c7b70cdc96e2"}
,"/Users/jmquilario/Projects/ReactNative/legendstate/src/controller/AddVote/index.tsx": {"path":"/Users/jmquilario/Projects/ReactNative/legendstate/src/controller/AddVote/index.tsx","statementMap":{"0":{"start":{"line":12,"column":16},"end":{"line":32,"column":1}},"1":{"start":{"line":13,"column":55},"end":{"line":13,"column":70}},"2":{"start":{"line":15,"column":22},"end":{"line":17,"column":4}},"3":{"start":{"line":16,"column":4},"end":{"line":16,"column":69}},"4":{"start":{"line":18,"column":2},"end":{"line":31,"column":4}},"5":{"start":{"line":20,"column":35},"end":{"line":20,"column":67}},"6":{"start":{"line":26,"column":23},"end":{"line":26,"column":55}},"7":{"start":{"line":36,"column":15},"end":{"line":46,"column":2}}},"fnMap":{"0":{"name":"(anonymous_0)","decl":{"start":{"line":12,"column":16},"end":{"line":12,"column":17}},"loc":{"start":{"line":12,"column":44},"end":{"line":32,"column":1}},"line":12},"1":{"name":"(anonymous_1)","decl":{"start":{"line":15,"column":31},"end":{"line":15,"column":32}},"loc":{"start":{"line":15,"column":37},"end":{"line":17,"column":3}},"line":15},"2":{"name":"(anonymous_2)","decl":{"start":{"line":20,"column":29},"end":{"line":20,"column":30}},"loc":{"start":{"line":20,"column":35},"end":{"line":20,"column":67}},"line":20},"3":{"name":"(anonymous_3)","decl":{"start":{"line":26,"column":17},"end":{"line":26,"column":18}},"loc":{"start":{"line":26,"column":23},"end":{"line":26,"column":55}},"line":26}},"branchMap":{"0":{"loc":{"start":{"line":16,"column":23},"end":{"line":16,"column":60}},"type":"cond-expr","locations":[{"start":{"line":16,"column":35},"end":{"line":16,"column":46}},{"start":{"line":16,"column":49},"end":{"line":16,"column":60}}],"line":16},"1":{"loc":{"start":{"line":20,"column":49},"end":{"line":20,"column":66}},"type":"cond-expr","locations":[{"start":{"line":20,"column":61},"end":{"line":20,"column":62}},{"start":{"line":20,"column":65},"end":{"line":20,"column":66}}],"line":20},"2":{"loc":{"start":{"line":26,"column":37},"end":{"line":26,"column":54}},"type":"cond-expr","locations":[{"start":{"line":26,"column":49},"end":{"line":26,"column":50}},{"start":{"line":26,"column":53},"end":{"line":26,"column":54}}],"line":26}},"s":{"0":2,"1":18,"2":18,"3":22,"4":18,"5":2,"6":2,"7":2},"f":{"0":18,"1":22,"2":2,"3":2},"b":{"0":[11,11],"1":[1,1],"2":[1,1]},"_coverageSchema":"1a1c01bbd47fc00a2c39e90264f33305004495a9","hash":"f0b0a69946c8a27133b229cffd3e896a7080cb95"}
,"/Users/jmquilario/Projects/ReactNative/legendstate/src/screens/Home/index.tsx": {"path":"/Users/jmquilario/Projects/ReactNative/legendstate/src/screens/Home/index.tsx","statementMap":{"0":{"start":{"line":18,"column":13},"end":{"line":82,"column":2}},"1":{"start":{"line":19,"column":41},"end":{"line":26,"column":4}},"2":{"start":{"line":28,"column":22},"end":{"line":28,"column":41}},"3":{"start":{"line":33,"column":21},"end":{"line":39,"column":3}},"4":{"start":{"line":34,"column":4},"end":{"line":38,"column":5}},"5":{"start":{"line":35,"column":6},"end":{"line":35,"column":51}},"6":{"start":{"line":37,"column":6},"end":{"line":37,"column":51}},"7":{"start":{"line":41,"column":23},"end":{"line":47,"column":3}},"8":{"start":{"line":42,"column":4},"end":{"line":46,"column":5}},"9":{"start":{"line":43,"column":6},"end":{"line":43,"column":51}},"10":{"start":{"line":45,"column":6},"end":{"line":45,"column":51}},"11":{"start":{"line":49,"column":2},"end":{"line":81,"column":4}},"12":{"start":{"line":56,"column":12},"end":{"line":62,"column":19}},"13":{"start":{"line":67,"column":12},"end":{"line":75,"column":14}},"14":{"start":{"line":73,"column":39},"end":{"line":73,"column":60}},"15":{"start":{"line":74,"column":39},"end":{"line":74,"column":62}},"16":{"start":{"line":84,"column":15},"end":{"line":102,"column":2}}},"fnMap":{"0":{"name":"(anonymous_0)","decl":{"start":{"line":18,"column":22},"end":{"line":18,"column":23}},"loc":{"start":{"line":18,"column":41},"end":{"line":82,"column":1}},"line":18},"1":{"name":"(anonymous_1)","decl":{"start":{"line":33,"column":21},"end":{"line":33,"column":22}},"loc":{"start":{"line":33,"column":37},"end":{"line":39,"column":3}},"line":33},"2":{"name":"(anonymous_2)","decl":{"start":{"line":41,"column":23},"end":{"line":41,"column":24}},"loc":{"start":{"line":41,"column":39},"end":{"line":47,"column":3}},"line":41},"3":{"name":"(anonymous_3)","decl":{"start":{"line":55,"column":11},"end":{"line":55,"column":12}},"loc":{"start":{"line":56,"column":12},"end":{"line":62,"column":19}},"line":56},"4":{"name":"(anonymous_4)","decl":{"start":{"line":66,"column":27},"end":{"line":66,"column":28}},"loc":{"start":{"line":67,"column":12},"end":{"line":75,"column":14}},"line":67},"5":{"name":"(anonymous_5)","decl":{"start":{"line":73,"column":33},"end":{"line":73,"column":34}},"loc":{"start":{"line":73,"column":39},"end":{"line":73,"column":60}},"line":73},"6":{"name":"(anonymous_6)","decl":{"start":{"line":74,"column":33},"end":{"line":74,"column":34}},"loc":{"start":{"line":74,"column":39},"end":{"line":74,"column":62}},"line":74}},"branchMap":{"0":{"loc":{"start":{"line":34,"column":4},"end":{"line":38,"column":5}},"type":"if","locations":[{"start":{"line":34,"column":4},"end":{"line":38,"column":5}},{"start":{"line":36,"column":11},"end":{"line":38,"column":5}}],"line":34},"1":{"loc":{"start":{"line":42,"column":4},"end":{"line":46,"column":5}},"type":"if","locations":[{"start":{"line":42,"column":4},"end":{"line":46,"column":5}},{"start":{"line":44,"column":11},"end":{"line":46,"column":5}}],"line":42},"2":{"loc":{"start":{"line":71,"column":16},"end":{"line":71,"column":77}},"type":"cond-expr","locations":[{"start":{"line":71,"column":34},"end":{"line":71,"column":54}},{"start":{"line":71,"column":57},"end":{"line":71,"column":77}}],"line":71}},"s":{"0":2,"1":13,"2":13,"3":13,"4":2,"5":1,"6":1,"7":13,"8":2,"9":1,"10":1,"11":13,"12":13,"13":26,"14":2,"15":2,"16":2},"f":{"0":13,"1":2,"2":2,"3":13,"4":26,"5":2,"6":2},"b":{"0":[1,1],"1":[1,1],"2":[13,13]},"_coverageSchema":"1a1c01bbd47fc00a2c39e90264f33305004495a9","hash":"c1d1fc4075e608bdbcb390d854c6b6bc15e99861"}
,"/Users/jmquilario/Projects/ReactNative/legendstate/src/types/button.enum.ts": {"path":"/Users/jmquilario/Projects/ReactNative/legendstate/src/types/button.enum.ts","statementMap":{},"fnMap":{},"branchMap":{},"s":{},"f":{},"b":{},"_coverageSchema":"1a1c01bbd47fc00a2c39e90264f33305004495a9","hash":"a8118f0051eadb84100f87c2b37cdaeb4855ed28"}
,"/Users/jmquilario/Projects/ReactNative/legendstate/src/types/club.enum.ts": {"path":"/Users/jmquilario/Projects/ReactNative/legendstate/src/types/club.enum.ts","statementMap":{},"fnMap":{},"branchMap":{},"s":{},"f":{},"b":{},"_coverageSchema":"1a1c01bbd47fc00a2c39e90264f33305004495a9","hash":"2a6434571028d71994a5e1d1028d2b0cf71075cb"}
,"/Users/jmquilario/Projects/ReactNative/legendstate/src/types/country.enum.ts": {"path":"/Users/jmquilario/Projects/ReactNative/legendstate/src/types/country.enum.ts","statementMap":{},"fnMap":{},"branchMap":{},"s":{},"f":{},"b":{},"_coverageSchema":"1a1c01bbd47fc00a2c39e90264f33305004495a9","hash":"fa30b998a8add395a981a0bd93a5183057f9e053"}
,"/Users/jmquilario/Projects/ReactNative/legendstate/src/types/index.ts": {"path":"/Users/jmquilario/Projects/ReactNative/legendstate/src/types/index.ts","statementMap":{},"fnMap":{},"branchMap":{},"s":{},"f":{},"b":{},"_coverageSchema":"1a1c01bbd47fc00a2c39e90264f33305004495a9","hash":"44b2c38c6f2413494117445bf4302a59f3e25a8c"}
}
