{"/Users/jmquilario/Projects/ReactNative/legendstate/tamagui.config.ts": {"path":"/Users/jmquilario/Projects/ReactNative/legendstate/tamagui.config.ts","statementMap":{"0":{"start":{"line":12,"column":18},"end":{"line":12,"column":39}}},"fnMap":{},"branchMap":{},"s":{"0":1},"f":{},"b":{},"_coverageSchema":"1a1c01bbd47fc00a2c39e90264f33305004495a9","hash":"6426c9cd7b3f5f039f58de68e0e55e9d39d4350a"}
,"/Users/jmquilario/Projects/ReactNative/legendstate/src/assets/constants.ts": {"path":"/Users/jmquilario/Projects/ReactNative/legendstate/src/assets/constants.ts","statementMap":{"0":{"start":{"line":1,"column":22},"end":{"line":7,"column":1}}},"fnMap":{},"branchMap":{},"s":{"0":1},"f":{},"b":{},"_coverageSchema":"1a1c01bbd47fc00a2c39e90264f33305004495a9","hash":"b462a936c3d321235412926154e933d8e163e227"}
,"/Users/jmquilario/Projects/ReactNative/legendstate/src/components/Card.tsx": {"path":"/Users/jmquilario/Projects/ReactNative/legendstate/src/components/Card.tsx","statementMap":{"0":{"start":{"line":9,"column":39},"end":{"line":33,"column":1}},"1":{"start":{"line":11,"column":4},"end":{"line":31,"column":6}},"2":{"start":{"line":22,"column":31},"end":{"line":22,"column":59}},"3":{"start":{"line":27,"column":25},"end":{"line":27,"column":53}},"4":{"start":{"line":35,"column":15},"end":{"line":77,"column":2}}},"fnMap":{"0":{"name":"(anonymous_0)","decl":{"start":{"line":10,"column":2},"end":{"line":10,"column":3}},"loc":{"start":{"line":10,"column":61},"end":{"line":32,"column":3}},"line":10},"1":{"name":"(anonymous_1)","decl":{"start":{"line":22,"column":25},"end":{"line":22,"column":26}},"loc":{"start":{"line":22,"column":31},"end":{"line":22,"column":59}},"line":22},"2":{"name":"(anonymous_2)","decl":{"start":{"line":27,"column":19},"end":{"line":27,"column":20}},"loc":{"start":{"line":27,"column":25},"end":{"line":27,"column":53}},"line":27}},"branchMap":{},"s":{"0":1,"1":24,"2":2,"3":2,"4":1},"f":{"0":24,"1":2,"2":2},"b":{},"_coverageSchema":"1a1c01bbd47fc00a2c39e90264f33305004495a9","hash":"54a05943a0fdb47d7d61cfa75f55cfe1ee0cdca7"}
,"/Users/jmquilario/Projects/ReactNative/legendstate/src/components/HorizontalLine.tsx": {"path":"/Users/jmquilario/Projects/ReactNative/legendstate/src/components/HorizontalLine.tsx","statementMap":{"0":{"start":{"line":5,"column":23},"end":{"line":7,"column":1}},"1":{"start":{"line":6,"column":2},"end":{"line":6,"column":38}},"2":{"start":{"line":11,"column":15},"end":{"line":23,"column":2}}},"fnMap":{"0":{"name":"(anonymous_0)","decl":{"start":{"line":5,"column":23},"end":{"line":5,"column":24}},"loc":{"start":{"line":5,"column":29},"end":{"line":7,"column":1}},"line":5}},"branchMap":{},"s":{"0":1,"1":8,"2":1},"f":{"0":8},"b":{},"_coverageSchema":"1a1c01bbd47fc00a2c39e90264f33305004495a9","hash":"36ed8cf96bd11154817e2964a878631915f81901"}
,"/Users/jmquilario/Projects/ReactNative/legendstate/src/components/ScoreCard.tsx": {"path":"/Users/jmquilario/Projects/ReactNative/legendstate/src/components/ScoreCard.tsx","statementMap":{"0":{"start":{"line":14,"column":43},"end":{"line":43,"column":2}},"1":{"start":{"line":15,"column":25},"end":{"line":15,"column":40}},"2":{"start":{"line":17,"column":22},"end":{"line":23,"column":4}},"3":{"start":{"line":18,"column":4},"end":{"line":22,"column":6}},"4":{"start":{"line":24,"column":2},"end":{"line":42,"column":4}},"5":{"start":{"line":34,"column":10},"end":{"line":38,"column":17}},"6":{"start":{"line":45,"column":15},"end":{"line":74,"column":2}}},"fnMap":{"0":{"name":"(anonymous_0)","decl":{"start":{"line":14,"column":52},"end":{"line":14,"column":53}},"loc":{"start":{"line":14,"column":67},"end":{"line":43,"column":1}},"line":14},"1":{"name":"(anonymous_1)","decl":{"start":{"line":17,"column":31},"end":{"line":17,"column":32}},"loc":{"start":{"line":17,"column":53},"end":{"line":23,"column":3}},"line":17},"2":{"name":"(anonymous_2)","decl":{"start":{"line":33,"column":21},"end":{"line":33,"column":22}},"loc":{"start":{"line":34,"column":10},"end":{"line":38,"column":17}},"line":34}},"branchMap":{"0":{"loc":{"start":{"line":20,"column":9},"end":{"line":20,"column":47}},"type":"cond-expr","locations":[{"start":{"line":20,"column":22},"end":{"line":20,"column":33}},{"start":{"line":20,"column":36},"end":{"line":20,"column":47}}],"line":20}},"s":{"0":1,"1":8,"2":8,"3":20,"4":8,"5":16,"6":1},"f":{"0":8,"1":20,"2":16},"b":{"0":[10,10]},"_coverageSchema":"1a1c01bbd47fc00a2c39e90264f33305004495a9","hash":"2b045647c4c32d353f9837c515c1c9cf16e5c01f"}
,"/Users/jmquilario/Projects/ReactNative/legendstate/src/components/Buttons/Button/index.tsx": {"path":"/Users/jmquilario/Projects/ReactNative/legendstate/src/components/Buttons/Button/index.tsx","statementMap":{"0":{"start":{"line":15,"column":38},"end":{"line":39,"column":1}},"1":{"start":{"line":20,"column":31},"end":{"line":25,"column":3}},"2":{"start":{"line":21,"column":4},"end":{"line":23,"column":5}},"3":{"start":{"line":22,"column":6},"end":{"line":22,"column":27}},"4":{"start":{"line":24,"column":4},"end":{"line":24,"column":26}},"5":{"start":{"line":27,"column":21},"end":{"line":29,"column":3}},"6":{"start":{"line":28,"column":4},"end":{"line":28,"column":49}},"7":{"start":{"line":31,"column":2},"end":{"line":38,"column":4}},"8":{"start":{"line":43,"column":15},"end":{"line":57,"column":2}}},"fnMap":{"0":{"name":"(anonymous_0)","decl":{"start":{"line":15,"column":38},"end":{"line":15,"column":39}},"loc":{"start":{"line":19,"column":6},"end":{"line":39,"column":1}},"line":19},"1":{"name":"(anonymous_1)","decl":{"start":{"line":20,"column":31},"end":{"line":20,"column":32}},"loc":{"start":{"line":20,"column":37},"end":{"line":25,"column":3}},"line":20},"2":{"name":"(anonymous_2)","decl":{"start":{"line":27,"column":21},"end":{"line":27,"column":22}},"loc":{"start":{"line":27,"column":27},"end":{"line":29,"column":3}},"line":27}},"branchMap":{"0":{"loc":{"start":{"line":16,"column":2},"end":{"line":16,"column":33}},"type":"default-arg","locations":[{"start":{"line":16,"column":12},"end":{"line":16,"column":33}}],"line":16},"1":{"loc":{"start":{"line":21,"column":4},"end":{"line":23,"column":5}},"type":"if","locations":[{"start":{"line":21,"column":4},"end":{"line":23,"column":5}},{"start":{},"end":{}}],"line":21},"2":{"loc":{"start":{"line":28,"column":11},"end":{"line":28,"column":48}},"type":"cond-expr","locations":[{"start":{"line":28,"column":19},"end":{"line":28,"column":31}},{"start":{"line":28,"column":34},"end":{"line":28,"column":48}}],"line":28}},"s":{"0":1,"1":80,"2":80,"3":40,"4":40,"5":80,"6":80,"7":80,"8":1},"f":{"0":80,"1":80,"2":80},"b":{"0":[40],"1":[40,40],"2":[32,48]},"_coverageSchema":"1a1c01bbd47fc00a2c39e90264f33305004495a9","hash":"454671fff87b98321308e77f53b131c3362ecaaa"}
,"/Users/jmquilario/Projects/ReactNative/legendstate/src/contexts/PlayerVoteContext.tsx": {"path":"/Users/jmquilario/Projects/ReactNative/legendstate/src/contexts/PlayerVoteContext.tsx","statementMap":{"0":{"start":{"line":22,"column":38},"end":{"line":39,"column":2}},"1":{"start":{"line":30,"column":4},"end":{"line":32,"column":61}},"2":{"start":{"line":35,"column":4},"end":{"line":37,"column":61}},"3":{"start":{"line":41,"column":26},"end":{"line":43,"column":1}},"4":{"start":{"line":45,"column":68},"end":{"line":56,"column":1}},"5":{"start":{"line":48,"column":64},"end":{"line":48,"column":79}},"6":{"start":{"line":50,"column":2},"end":{"line":55,"column":4}},"7":{"start":{"line":58,"column":29},"end":{"line":68,"column":1}},"8":{"start":{"line":59,"column":18},"end":{"line":59,"column":48}},"9":{"start":{"line":61,"column":2},"end":{"line":65,"column":3}},"10":{"start":{"line":62,"column":4},"end":{"line":64,"column":6}},"11":{"start":{"line":67,"column":2},"end":{"line":67,"column":17}}},"fnMap":{"0":{"name":"(anonymous_0)","decl":{"start":{"line":29,"column":17},"end":{"line":29,"column":18}},"loc":{"start":{"line":29,"column":35},"end":{"line":33,"column":3}},"line":29},"1":{"name":"(anonymous_1)","decl":{"start":{"line":34,"column":17},"end":{"line":34,"column":18}},"loc":{"start":{"line":34,"column":35},"end":{"line":38,"column":3}},"line":34},"2":{"name":"(anonymous_2)","decl":{"start":{"line":45,"column":68},"end":{"line":45,"column":69}},"loc":{"start":{"line":47,"column":6},"end":{"line":56,"column":1}},"line":47},"3":{"name":"(anonymous_3)","decl":{"start":{"line":58,"column":29},"end":{"line":58,"column":30}},"loc":{"start":{"line":58,"column":35},"end":{"line":68,"column":1}},"line":58}},"branchMap":{"0":{"loc":{"start":{"line":30,"column":4},"end":{"line":32,"column":60}},"type":"cond-expr","locations":[{"start":{"line":31,"column":8},"end":{"line":31,"column":60}},{"start":{"line":32,"column":8},"end":{"line":32,"column":60}}],"line":30},"1":{"loc":{"start":{"line":35,"column":4},"end":{"line":37,"column":60}},"type":"cond-expr","locations":[{"start":{"line":36,"column":8},"end":{"line":36,"column":60}},{"start":{"line":37,"column":8},"end":{"line":37,"column":60}}],"line":35},"2":{"loc":{"start":{"line":61,"column":2},"end":{"line":65,"column":3}},"type":"if","locations":[{"start":{"line":61,"column":2},"end":{"line":65,"column":3}},{"start":{},"end":{}}],"line":61}},"s":{"0":1,"1":2,"2":2,"3":1,"4":1,"5":2,"6":2,"7":1,"8":26,"9":26,"10":0,"11":26},"f":{"0":2,"1":2,"2":2,"3":26},"b":{"0":[1,1],"1":[1,1],"2":[0,26]},"_coverageSchema":"1a1c01bbd47fc00a2c39e90264f33305004495a9","hash":"50b1c07afe50e5299a085d3f24d30bbf324ae1c9"}
,"/Users/jmquilario/Projects/ReactNative/legendstate/src/controller/AddVote/index.tsx": {"path":"/Users/jmquilario/Projects/ReactNative/legendstate/src/controller/AddVote/index.tsx","statementMap":{"0":{"start":{"line":12,"column":16},"end":{"line":32,"column":1}},"1":{"start":{"line":13,"column":55},"end":{"line":13,"column":70}},"2":{"start":{"line":15,"column":22},"end":{"line":17,"column":4}},"3":{"start":{"line":16,"column":4},"end":{"line":16,"column":69}},"4":{"start":{"line":18,"column":2},"end":{"line":31,"column":4}},"5":{"start":{"line":20,"column":35},"end":{"line":20,"column":67}},"6":{"start":{"line":26,"column":23},"end":{"line":26,"column":55}},"7":{"start":{"line":36,"column":15},"end":{"line":46,"column":2}}},"fnMap":{"0":{"name":"(anonymous_0)","decl":{"start":{"line":12,"column":16},"end":{"line":12,"column":17}},"loc":{"start":{"line":12,"column":44},"end":{"line":32,"column":1}},"line":12},"1":{"name":"(anonymous_1)","decl":{"start":{"line":15,"column":31},"end":{"line":15,"column":32}},"loc":{"start":{"line":15,"column":37},"end":{"line":17,"column":3}},"line":15},"2":{"name":"(anonymous_2)","decl":{"start":{"line":20,"column":29},"end":{"line":20,"column":30}},"loc":{"start":{"line":20,"column":35},"end":{"line":20,"column":67}},"line":20},"3":{"name":"(anonymous_3)","decl":{"start":{"line":26,"column":17},"end":{"line":26,"column":18}},"loc":{"start":{"line":26,"column":23},"end":{"line":26,"column":55}},"line":26}},"branchMap":{"0":{"loc":{"start":{"line":16,"column":23},"end":{"line":16,"column":60}},"type":"cond-expr","locations":[{"start":{"line":16,"column":35},"end":{"line":16,"column":46}},{"start":{"line":16,"column":49},"end":{"line":16,"column":60}}],"line":16},"1":{"loc":{"start":{"line":20,"column":49},"end":{"line":20,"column":66}},"type":"cond-expr","locations":[{"start":{"line":20,"column":61},"end":{"line":20,"column":62}},{"start":{"line":20,"column":65},"end":{"line":20,"column":66}}],"line":20},"2":{"loc":{"start":{"line":26,"column":37},"end":{"line":26,"column":54}},"type":"cond-expr","locations":[{"start":{"line":26,"column":49},"end":{"line":26,"column":50}},{"start":{"line":26,"column":53},"end":{"line":26,"column":54}}],"line":26}},"s":{"0":1,"1":16,"2":16,"3":20,"4":16,"5":2,"6":2,"7":1},"f":{"0":16,"1":20,"2":2,"3":2},"b":{"0":[10,10],"1":[1,1],"2":[1,1]},"_coverageSchema":"1a1c01bbd47fc00a2c39e90264f33305004495a9","hash":"f0b0a69946c8a27133b229cffd3e896a7080cb95"}
,"/Users/jmquilario/Projects/ReactNative/legendstate/src/screens/Home/index.tsx": {"path":"/Users/jmquilario/Projects/ReactNative/legendstate/src/screens/Home/index.tsx","statementMap":{"0":{"start":{"line":18,"column":13},"end":{"line":79,"column":2}},"1":{"start":{"line":19,"column":41},"end":{"line":26,"column":4}},"2":{"start":{"line":28,"column":22},"end":{"line":28,"column":41}},"3":{"start":{"line":30,"column":21},"end":{"line":36,"column":3}},"4":{"start":{"line":31,"column":4},"end":{"line":35,"column":5}},"5":{"start":{"line":32,"column":6},"end":{"line":32,"column":51}},"6":{"start":{"line":34,"column":6},"end":{"line":34,"column":51}},"7":{"start":{"line":38,"column":23},"end":{"line":44,"column":3}},"8":{"start":{"line":39,"column":4},"end":{"line":43,"column":5}},"9":{"start":{"line":40,"column":6},"end":{"line":40,"column":51}},"10":{"start":{"line":42,"column":6},"end":{"line":42,"column":51}},"11":{"start":{"line":46,"column":2},"end":{"line":78,"column":4}},"12":{"start":{"line":53,"column":12},"end":{"line":59,"column":19}},"13":{"start":{"line":64,"column":12},"end":{"line":72,"column":14}},"14":{"start":{"line":70,"column":39},"end":{"line":70,"column":60}},"15":{"start":{"line":71,"column":39},"end":{"line":71,"column":62}},"16":{"start":{"line":81,"column":15},"end":{"line":103,"column":2}}},"fnMap":{"0":{"name":"(anonymous_0)","decl":{"start":{"line":18,"column":22},"end":{"line":18,"column":23}},"loc":{"start":{"line":18,"column":41},"end":{"line":79,"column":1}},"line":18},"1":{"name":"(anonymous_1)","decl":{"start":{"line":30,"column":21},"end":{"line":30,"column":22}},"loc":{"start":{"line":30,"column":37},"end":{"line":36,"column":3}},"line":30},"2":{"name":"(anonymous_2)","decl":{"start":{"line":38,"column":23},"end":{"line":38,"column":24}},"loc":{"start":{"line":38,"column":39},"end":{"line":44,"column":3}},"line":38},"3":{"name":"(anonymous_3)","decl":{"start":{"line":52,"column":11},"end":{"line":52,"column":12}},"loc":{"start":{"line":53,"column":12},"end":{"line":59,"column":19}},"line":53},"4":{"name":"(anonymous_4)","decl":{"start":{"line":63,"column":27},"end":{"line":63,"column":28}},"loc":{"start":{"line":64,"column":12},"end":{"line":72,"column":14}},"line":64},"5":{"name":"(anonymous_5)","decl":{"start":{"line":70,"column":33},"end":{"line":70,"column":34}},"loc":{"start":{"line":70,"column":39},"end":{"line":70,"column":60}},"line":70},"6":{"name":"(anonymous_6)","decl":{"start":{"line":71,"column":33},"end":{"line":71,"column":34}},"loc":{"start":{"line":71,"column":39},"end":{"line":71,"column":62}},"line":71}},"branchMap":{"0":{"loc":{"start":{"line":31,"column":4},"end":{"line":35,"column":5}},"type":"if","locations":[{"start":{"line":31,"column":4},"end":{"line":35,"column":5}},{"start":{"line":33,"column":11},"end":{"line":35,"column":5}}],"line":31},"1":{"loc":{"start":{"line":39,"column":4},"end":{"line":43,"column":5}},"type":"if","locations":[{"start":{"line":39,"column":4},"end":{"line":43,"column":5}},{"start":{"line":41,"column":11},"end":{"line":43,"column":5}}],"line":39},"2":{"loc":{"start":{"line":68,"column":16},"end":{"line":68,"column":77}},"type":"cond-expr","locations":[{"start":{"line":68,"column":34},"end":{"line":68,"column":54}},{"start":{"line":68,"column":57},"end":{"line":68,"column":77}}],"line":68}},"s":{"0":1,"1":12,"2":12,"3":12,"4":2,"5":1,"6":1,"7":12,"8":2,"9":1,"10":1,"11":12,"12":12,"13":24,"14":2,"15":2,"16":1},"f":{"0":12,"1":2,"2":2,"3":12,"4":24,"5":2,"6":2},"b":{"0":[1,1],"1":[1,1],"2":[12,12]},"_coverageSchema":"1a1c01bbd47fc00a2c39e90264f33305004495a9","hash":"de2529d7f382c4c14f60d249d2a57180d50e37bc"}
}
