TN:
SF:tamagui.config.ts
FNF:0
FNH:0
DA:12,1
LF:1
LH:1
BRF:0
BRH:0
end_of_record
TN:
SF:src/assets/constants.ts
FNF:0
FNH:0
DA:1,1
LF:1
LH:1
BRF:0
BRH:0
end_of_record
TN:
SF:src/components/Card.tsx
FN:10,(anonymous_0)
FN:22,(anonymous_1)
FN:27,(anonymous_2)
FNF:3
FNH:3
FNDA:24,(anonymous_0)
FNDA:2,(anonymous_1)
FNDA:2,(anonymous_2)
DA:9,1
DA:11,24
DA:22,2
DA:27,2
DA:35,1
LF:5
LH:5
BRF:0
BRH:0
end_of_record
TN:
SF:src/components/HorizontalLine.tsx
FN:5,(anonymous_0)
FNF:1
FNH:1
FNDA:8,(anonymous_0)
DA:5,1
DA:6,8
DA:11,1
LF:3
LH:3
BRF:0
BRH:0
end_of_record
TN:
SF:src/components/ScoreCard.tsx
FN:14,(anonymous_0)
FN:17,(anonymous_1)
FN:33,(anonymous_2)
FNF:3
FNH:3
FNDA:8,(anonymous_0)
FNDA:20,(anonymous_1)
FNDA:16,(anonymous_2)
DA:14,1
DA:15,8
DA:17,8
DA:18,20
DA:24,8
DA:34,16
DA:45,1
LF:7
LH:7
BRDA:20,0,0,10
BRDA:20,0,1,10
BRF:2
BRH:2
end_of_record
TN:
SF:src/components/Buttons/Button/index.tsx
FN:15,(anonymous_0)
FN:20,(anonymous_1)
FN:25,(anonymous_2)
FNF:3
FNH:3
FNDA:80,(anonymous_0)
FNDA:80,(anonymous_1)
FNDA:80,(anonymous_2)
DA:15,1
DA:20,80
DA:21,80
DA:22,40
DA:25,80
DA:26,80
DA:29,80
DA:41,1
LF:8
LH:8
BRDA:16,0,0,40
BRDA:21,1,0,40
BRDA:21,1,1,40
BRDA:26,2,0,32
BRDA:26,2,1,48
BRF:5
BRH:5
end_of_record
TN:
SF:src/contexts/PlayerVoteContext.tsx
FN:29,(anonymous_0)
FN:34,(anonymous_1)
FN:45,(anonymous_2)
FN:58,(anonymous_3)
FNF:4
FNH:4
FNDA:2,(anonymous_0)
FNDA:2,(anonymous_1)
FNDA:2,(anonymous_2)
FNDA:26,(anonymous_3)
DA:22,1
DA:30,2
DA:35,2
DA:41,1
DA:45,1
DA:48,2
DA:50,2
DA:58,1
DA:59,26
DA:61,26
DA:62,0
DA:66,26
LF:12
LH:11
BRDA:30,0,0,1
BRDA:30,0,1,1
BRDA:35,1,0,1
BRDA:35,1,1,1
BRDA:61,2,0,0
BRDA:61,2,1,26
BRF:6
BRH:5
end_of_record
TN:
SF:src/controller/AddVote/index.tsx
FN:12,(anonymous_0)
FN:15,(anonymous_1)
FN:20,(anonymous_2)
FN:26,(anonymous_3)
FNF:4
FNH:4
FNDA:16,(anonymous_0)
FNDA:20,(anonymous_1)
FNDA:2,(anonymous_2)
FNDA:2,(anonymous_3)
DA:12,1
DA:13,16
DA:15,16
DA:16,20
DA:18,16
DA:20,2
DA:26,2
DA:36,1
LF:8
LH:8
BRDA:16,0,0,10
BRDA:16,0,1,10
BRDA:20,1,0,1
BRDA:20,1,1,1
BRDA:26,2,0,1
BRDA:26,2,1,1
BRF:6
BRH:6
end_of_record
TN:
SF:src/screens/Home/index.tsx
FN:18,(anonymous_0)
FN:30,(anonymous_1)
FN:38,(anonymous_2)
FN:52,(anonymous_3)
FN:63,(anonymous_4)
FN:70,(anonymous_5)
FN:71,(anonymous_6)
FNF:7
FNH:7
FNDA:12,(anonymous_0)
FNDA:2,(anonymous_1)
FNDA:2,(anonymous_2)
FNDA:12,(anonymous_3)
FNDA:24,(anonymous_4)
FNDA:2,(anonymous_5)
FNDA:2,(anonymous_6)
DA:18,1
DA:19,12
DA:28,12
DA:30,12
DA:31,2
DA:32,1
DA:34,1
DA:38,12
DA:39,2
DA:40,1
DA:42,1
DA:46,12
DA:53,12
DA:64,24
DA:70,2
DA:71,2
DA:81,1
LF:17
LH:17
BRDA:31,0,0,1
BRDA:31,0,1,1
BRDA:39,1,0,1
BRDA:39,1,1,1
BRDA:68,2,0,12
BRDA:68,2,1,12
BRF:6
BRH:6
end_of_record
