TN:
SF:tamagui.config.ts
FNF:0
FNH:0
DA:12,2
LF:1
LH:1
BRF:0
BRH:0
end_of_record
TN:
SF:src/App.tsx
FN:7,(anonymous_0)
FNF:1
FNH:1
FNDA:1,(anonymous_0)
DA:7,1
DA:8,1
DA:19,1
LF:3
LH:3
BRF:0
BRH:0
end_of_record
TN:
SF:src/assets/constants.ts
FNF:0
FNH:0
DA:1,2
LF:1
LH:1
BRF:0
BRH:0
end_of_record
TN:
SF:src/components/Card.tsx
FN:10,(anonymous_0)
FN:22,(anonymous_1)
FN:27,(anonymous_2)
FNF:3
FNH:3
FNDA:26,(anonymous_0)
FNDA:2,(anonymous_1)
FNDA:2,(anonymous_2)
DA:9,2
DA:11,26
DA:22,2
DA:27,2
DA:35,2
LF:5
LH:5
BRF:0
BRH:0
end_of_record
TN:
SF:src/components/HorizontalLine.tsx
FN:5,(anonymous_0)
FNF:1
FNH:1
FNDA:9,(anonymous_0)
DA:5,2
DA:6,9
DA:11,2
LF:3
LH:3
BRF:0
BRH:0
end_of_record
TN:
SF:src/components/ScoreCard.tsx
FN:14,(anonymous_0)
FN:17,(anonymous_1)
FN:33,(anonymous_2)
FNF:3
FNH:3
FNDA:9,(anonymous_0)
FNDA:22,(anonymous_1)
FNDA:18,(anonymous_2)
DA:14,2
DA:15,9
DA:17,9
DA:18,22
DA:24,9
DA:34,18
DA:45,2
LF:7
LH:7
BRDA:20,0,0,11
BRDA:20,0,1,11
BRF:2
BRH:2
end_of_record
TN:
SF:src/components/Buttons/Button/index.tsx
FN:15,(anonymous_0)
FN:20,(anonymous_1)
FN:25,(anonymous_2)
FNF:3
FNH:3
FNDA:88,(anonymous_0)
FNDA:88,(anonymous_1)
FNDA:88,(anonymous_2)
DA:15,2
DA:20,88
DA:21,88
DA:22,44
DA:25,88
DA:26,88
DA:29,88
DA:41,2
LF:8
LH:8
BRDA:16,0,0,44
BRDA:21,1,0,44
BRDA:21,1,1,44
BRDA:26,2,0,36
BRDA:26,2,1,52
BRF:5
BRH:5
end_of_record
TN:
SF:src/contexts/PlayerVoteContext.tsx
FN:29,(anonymous_0)
FN:34,(anonymous_1)
FN:45,(anonymous_2)
FN:58,(anonymous_3)
FNF:4
FNH:4
FNDA:2,(anonymous_0)
FNDA:2,(anonymous_1)
FNDA:2,(anonymous_2)
FNDA:29,(anonymous_3)
DA:22,2
DA:30,2
DA:35,2
DA:41,2
DA:45,2
DA:48,2
DA:50,2
DA:58,2
DA:59,29
DA:61,29
DA:62,0
DA:66,29
LF:12
LH:11
BRDA:30,0,0,1
BRDA:30,0,1,1
BRDA:35,1,0,1
BRDA:35,1,1,1
BRDA:61,2,0,0
BRDA:61,2,1,29
BRF:6
BRH:5
end_of_record
TN:
SF:src/controller/AddVote/index.tsx
FN:12,(anonymous_0)
FN:15,(anonymous_1)
FN:20,(anonymous_2)
FN:26,(anonymous_3)
FNF:4
FNH:4
FNDA:18,(anonymous_0)
FNDA:22,(anonymous_1)
FNDA:2,(anonymous_2)
FNDA:2,(anonymous_3)
DA:12,2
DA:13,18
DA:15,18
DA:16,22
DA:18,18
DA:20,2
DA:26,2
DA:36,2
LF:8
LH:8
BRDA:16,0,0,11
BRDA:16,0,1,11
BRDA:20,1,0,1
BRDA:20,1,1,1
BRDA:26,2,0,1
BRDA:26,2,1,1
BRF:6
BRH:6
end_of_record
TN:
SF:src/screens/Home/index.tsx
FN:18,(anonymous_0)
FN:33,(anonymous_1)
FN:41,(anonymous_2)
FN:55,(anonymous_3)
FN:66,(anonymous_4)
FN:73,(anonymous_5)
FN:74,(anonymous_6)
FNF:7
FNH:7
FNDA:13,(anonymous_0)
FNDA:2,(anonymous_1)
FNDA:2,(anonymous_2)
FNDA:13,(anonymous_3)
FNDA:26,(anonymous_4)
FNDA:2,(anonymous_5)
FNDA:2,(anonymous_6)
DA:18,2
DA:19,13
DA:28,13
DA:33,13
DA:34,2
DA:35,1
DA:37,1
DA:41,13
DA:42,2
DA:43,1
DA:45,1
DA:49,13
DA:56,13
DA:67,26
DA:73,2
DA:74,2
DA:84,2
LF:17
LH:17
BRDA:34,0,0,1
BRDA:34,0,1,1
BRDA:42,1,0,1
BRDA:42,1,1,1
BRDA:71,2,0,13
BRDA:71,2,1,13
BRF:6
BRH:6
end_of_record
TN:
SF:src/types/button.enum.ts
FNF:0
FNH:0
LF:0
LH:0
BRF:0
BRH:0
end_of_record
TN:
SF:src/types/club.enum.ts
FNF:0
FNH:0
LF:0
LH:0
BRF:0
BRH:0
end_of_record
TN:
SF:src/types/country.enum.ts
FNF:0
FNH:0
LF:0
LH:0
BRF:0
BRH:0
end_of_record
TN:
SF:src/types/index.ts
FNF:0
FNH:0
LF:0
LH:0
BRF:0
BRH:0
end_of_record
